<?xml version="1.0" encoding="UTF-8"?>
<!-- Generated by org.testng.reporters.JUnitReportReporter -->
<testsuite skipped="0" hostname="DESKTOP-CC8R6N4" name="datafromdataproviderway2sms.Way2smsdatainsameclass" tests="1" failures="0" timestamp="08 Oct 2018 06:08:54 GMT" time="18.250" errors="0">
  <testcase name="login" time="18.250" classname="datafromdataproviderway2sms.Way2smsdatainsameclass"/>
</testsuite> <!-- datafromdataproviderway2sms.Way2smsdatainsameclass -->
