<?xml version="1.0" encoding="UTF-8"?>
<!-- Generated by org.testng.reporters.JUnitReportReporter -->
<testsuite skipped="0" hostname="DESKTOP-CC8R6N4" name="way2smstests.Way2smstestng" tests="1" failures="0" timestamp="26 Oct 2018 11:51:28 GMT" time="22.716" errors="0">
  <testcase name="login" time="22.716" classname="way2smstests.Way2smstestng"/>
</testsuite> <!-- way2smstests.Way2smstestng -->
