<?xml version="1.0" encoding="UTF-8"?>
<!-- Generated by org.testng.reporters.JUnitReportReporter -->
<testsuite skipped="0" hostname="DESKTOP-CC8R6N4" name="krishnew.Testngwithpom" tests="2" failures="0" timestamp="26 Oct 2018 18:26:41 GMT" time="51.968" errors="0">
  <testcase name="launch" time="42.345" classname="krishnew.Testngwithpom"/>
  <testcase name="Login" time="9.623" classname="krishnew.Testngwithpom"/>
</testsuite> <!-- krishnew.Testngwithpom -->
