<?xml version="1.0" encoding="UTF-8"?>
<!-- Generated by org.testng.reporters.JUnitReportReporter -->
<testsuite skipped="0" hostname="DESKTOP-CC8R6N4" name="daddy.Testng1" tests="3" failures="0" timestamp="01 Oct 2018 15:53:41 GMT" time="82.829" errors="0">
  <testcase name="search" time="19.414" classname="daddy.Testng1"/>
  <testcase name="search" time="41.091" classname="daddy.Testng1"/>
  <testcase name="search" time="22.324" classname="daddy.Testng1"/>
</testsuite> <!-- daddy.Testng1 -->
