<?xml version="1.0" encoding="UTF-8"?>
<!-- Generated by org.testng.reporters.JUnitReportReporter -->
<testsuite skipped="0" hostname="DESKTOP-CC8R6N4" name="daddy.Testng2" tests="3" failures="0" timestamp="01 Oct 2018 16:13:34 GMT" time="129.574" errors="0">
  <testcase name="search" time="34.242" classname="daddy.Testng2"/>
  <testcase name="search" time="37.816" classname="daddy.Testng2"/>
  <testcase name="search" time="57.516" classname="daddy.Testng2"/>
</testsuite> <!-- daddy.Testng2 -->
