<?xml version="1.0" encoding="UTF-8"?>
<!-- Generated by org.testng.reporters.JUnitReportReporter -->
<testsuite skipped="0" hostname="DESKTOP-CC8R6N4" name="daddy.NewTest1" tests="1" failures="0" timestamp="01 Oct 2018 10:27:46 GMT" time="11.301" errors="0">
  <testcase name="f" time="11.301" classname="daddy.NewTest1"/>
</testsuite> <!-- daddy.NewTest1 -->
